<?xml version="1.0" encoding="UTF-8"?>
<testng-results ignored="0" total="1" passed="1" failed="0" skipped="0">
  <reporter-output>
  </reporter-output>
  <suite started-at="2022-09-07T13:29:35 IST" name="Default suite" finished-at="2022-09-07T13:29:36 IST" duration-ms="449">
    <groups>
    </groups>
    <test started-at="2022-09-07T13:29:35 IST" name="Default test" finished-at="2022-09-07T13:29:36 IST" duration-ms="449">
      <class name="testcases.ConnectToSqlDatabase">
        <test-method signature="retrieveDataFromSql()[pri:0, instance:testcases.ConnectToSqlDatabase@235834f2]" started-at="2022-09-07T13:29:36 IST" name="retrieveDataFromSql" finished-at="2022-09-07T13:29:36 IST" duration-ms="413" status="PASS">
          <reporter-output>
          </reporter-output>
        </test-method> <!-- retrieveDataFromSql -->
      </class> <!-- testcases.ConnectToSqlDatabase -->
    </test> <!-- Default test -->
  </suite> <!-- Default suite -->
</testng-results>
