<?xml version="1.0" encoding="UTF-8"?>
<testng-results ignored="0" total="1" passed="1" failed="0" skipped="0">
  <reporter-output>
  </reporter-output>
  <suite started-at="2022-09-16T19:46:15 IST" name="Suite" finished-at="2022-09-16T19:46:30 IST" duration-ms="14833">
    <groups>
    </groups>
    <test started-at="2022-09-16T19:46:15 IST" name="Test" finished-at="2022-09-16T19:46:30 IST" duration-ms="14833">
      <class name="testcases.Google">
        <test-method is-config="true" signature="setUpBrowser(java.lang.String)[pri:0, instance:testcases.Google@2d1ef81a]" started-at="2022-09-16T19:46:15 IST" name="setUpBrowser" finished-at="2022-09-16T19:46:17 IST" duration-ms="2721" status="PASS">
          <params>
            <param index="0">
              <value>
                <![CDATA[chrome]]>
              </value>
            </param>
          </params>
          <reporter-output>
          </reporter-output>
        </test-method> <!-- setUpBrowser -->
        <test-method signature="search()[pri:0, instance:testcases.Google@2d1ef81a]" started-at="2022-09-16T19:46:17 IST" name="search" finished-at="2022-09-16T19:46:29 IST" duration-ms="11914" status="PASS">
          <reporter-output>
          </reporter-output>
        </test-method> <!-- search -->
        <test-method is-config="true" signature="quitBrowser()[pri:0, instance:testcases.Google@2d1ef81a]" started-at="2022-09-16T19:46:29 IST" name="quitBrowser" finished-at="2022-09-16T19:46:30 IST" duration-ms="141" status="PASS">
          <reporter-output>
          </reporter-output>
        </test-method> <!-- quitBrowser -->
      </class> <!-- testcases.Google -->
    </test> <!-- Test -->
  </suite> <!-- Suite -->
</testng-results>
